<?xml version="1.0" encoding="UTF-8"?>
<testsuite name="com.bridgelabz.UserRegistrationTest" tests="1" skipped="0" failures="0" errors="0" timestamp="2022-05-17T18:27:41" hostname="DESKTOP-74DC9FS" time="0.007">
  <properties/>
  <testcase name="givenFirstName_WhenProper_ShouldReturnTrue" classname="com.bridgelabz.UserRegistrationTest" time="0.007"/>
  <system-out><![CDATA[]]></system-out>
  <system-err><![CDATA[]]></system-err>
</testsuite>
